TN:
SF:src/app.ts
FN:26,(anonymous_1)
FN:37,init
FN:42,close
FNF:3
FNH:2
FNDA:1,(anonymous_1)
FNDA:11,init
FNDA:0,close
DA:1,11
DA:2,11
DA:3,11
DA:4,11
DA:6,11
DA:8,11
DA:10,11
DA:11,11
DA:22,11
DA:23,11
DA:26,1
DA:37,11
DA:38,11
DA:39,11
DA:42,11
DA:43,0
DA:46,11
LF:17
LH:16
BRF:0
BRH:0
end_of_record
TN:
SF:src/config/database.ts
FN:4,connectDb
FN:8,disconnectDB
FNF:2
FNH:1
FNDA:11,connectDb
FNDA:0,disconnectDB
DA:1,14
DA:4,14
DA:5,11
DA:8,14
DA:9,0
LF:5
LH:4
BRF:0
BRH:0
end_of_record
TN:
SF:src/config/envs.ts
FN:4,loadEnv
FNF:1
FNH:1
FNDA:25,loadEnv
DA:1,14
DA:2,14
DA:4,14
DA:6,25
DA:12,25
DA:13,25
LF:6
LH:6
BRDA:6,0,0,25
BRDA:6,0,1,0
BRDA:8,1,0,0
BRDA:8,1,1,0
BRF:4
BRH:1
end_of_record
TN:
SF:src/config/index.ts
FNF:0
FNH:0
DA:1,14
DA:2,14
LF:2
LH:2
BRF:0
BRH:0
end_of_record
TN:
SF:src/controllers/authentication-controller.ts
FN:4,singInPost
FNF:1
FNH:1
FNDA:5,singInPost
DA:1,11
DA:3,11
DA:4,11
DA:5,5
DA:7,5
DA:8,5
DA:10,0
DA:12,5
LF:8
LH:7
BRF:0
BRH:0
end_of_record
TN:
SF:src/controllers/booking-controller.ts
FN:6,getBookings
FN:20,createBooking
FN:32,changeBooking
FNF:3
FNH:3
FNDA:1,getBookings
FNDA:1,createBooking
FNDA:1,changeBooking
DA:2,11
DA:4,11
DA:6,11
DA:7,1
DA:8,1
DA:9,1
DA:11,0
DA:13,1
DA:14,1
DA:16,0
DA:20,11
DA:21,1
DA:22,1
DA:24,1
DA:25,1
DA:26,0
DA:28,1
DA:32,11
DA:33,1
DA:34,1
DA:35,1
DA:37,1
DA:38,1
DA:39,0
DA:41,1
LF:25
LH:21
BRDA:13,0,0,1
BRF:1
BRH:1
end_of_record
TN:
SF:src/controllers/enrollments-controller.ts
FN:6,getEnrollmentByUser
FN:18,postCreateOrUpdateEnrollment
FN:31,getAddressFromCEP
FNF:3
FNH:2
FNDA:0,getEnrollmentByUser
FNDA:2,postCreateOrUpdateEnrollment
FNDA:2,getAddressFromCEP
DA:2,11
DA:4,11
DA:6,11
DA:7,0
DA:9,0
DA:10,0
DA:12,0
DA:14,0
DA:18,11
DA:19,2
DA:20,2
DA:25,1
DA:27,1
DA:31,11
DA:32,2
DA:34,2
DA:35,2
DA:36,1
DA:38,1
DA:39,1
LF:20
LH:15
BRDA:38,0,0,1
BRF:1
BRH:1
end_of_record
TN:
SF:src/controllers/events-controller.ts
FN:5,getDefaultEvent
FNF:1
FNH:1
FNDA:2,getDefaultEvent
DA:1,11
DA:3,11
DA:5,11
DA:6,2
DA:7,2
DA:8,0
DA:10,2
LF:7
LH:6
BRF:0
BRH:0
end_of_record
TN:
SF:src/controllers/hotel-controller.ts
FN:6,getHotels
FN:20,getHotelsWithRooms
FNF:2
FNH:2
FNDA:1,getHotels
FNDA:5,getHotelsWithRooms
DA:3,11
DA:4,11
DA:6,11
DA:7,1
DA:9,1
DA:10,1
DA:11,0
DA:13,1
DA:14,1
DA:16,0
DA:20,11
DA:21,5
DA:22,5
DA:24,5
DA:25,5
DA:27,2
DA:29,3
DA:30,2
DA:32,1
DA:33,1
DA:35,0
LF:21
LH:18
BRDA:13,0,0,1
BRDA:29,1,0,2
BRDA:32,2,0,1
BRF:3
BRH:3
end_of_record
TN:
SF:src/controllers/index.ts
FNF:0
FNH:0
DA:1,11
DA:2,11
DA:3,11
DA:4,11
DA:5,11
DA:6,11
DA:7,11
LF:7
LH:7
BRF:0
BRH:0
end_of_record
TN:
SF:src/controllers/payments-controller.ts
FN:6,getPaymentByTicketId
FN:28,paymentProcess
FNF:2
FNH:1
FNDA:0,getPaymentByTicketId
FNDA:3,paymentProcess
DA:2,11
DA:4,11
DA:6,11
DA:7,0
DA:8,0
DA:9,0
DA:11,0
DA:12,0
DA:14,0
DA:16,0
DA:17,0
DA:19,0
DA:21,0
DA:22,0
DA:24,0
DA:28,11
DA:29,3
DA:30,3
DA:34,3
DA:36,3
DA:37,0
DA:39,3
DA:41,2
DA:42,0
DA:45,2
DA:47,1
DA:48,0
DA:50,1
LF:28
LH:13
BRDA:11,0,0,0
BRDA:16,1,0,0
BRDA:21,2,0,0
BRDA:36,3,0,0
BRDA:36,4,0,3
BRDA:36,4,1,3
BRDA:41,5,0,0
BRDA:47,6,0,0
BRF:8
BRH:2
end_of_record
TN:
SF:src/controllers/tickets-controller.ts
FN:6,getTicketTypes
FN:16,getTickets
FN:28,createTicket
FNF:3
FNH:2
FNDA:2,getTicketTypes
FNDA:0,getTickets
FNDA:4,createTicket
DA:2,11
DA:4,11
DA:6,11
DA:7,2
DA:8,2
DA:10,2
DA:12,0
DA:16,11
DA:17,0
DA:19,0
DA:20,0
DA:22,0
DA:24,0
DA:28,11
DA:29,4
DA:32,4
DA:34,4
DA:35,1
DA:38,3
DA:39,3
DA:41,2
DA:43,1
LF:22
LH:16
BRDA:34,0,0,1
BRF:1
BRH:1
end_of_record
TN:
SF:src/controllers/users-controller.ts
FN:5,usersPost
FNF:1
FNH:1
FNDA:6,usersPost
DA:1,11
DA:3,11
DA:5,11
DA:6,6
DA:8,6
DA:9,6
DA:10,0
DA:15,6
DA:16,0
DA:18,6
LF:10
LH:8
BRDA:15,0,0,0
BRF:1
BRH:0
end_of_record
TN:
SF:src/errors/cannot-enroll-before-start-date-error.ts
FN:3,cannotEnrollBeforeStartDateError
FNF:1
FNH:1
FNDA:7,cannotEnrollBeforeStartDateError
DA:3,11
DA:4,7
LF:2
LH:2
BRF:0
BRH:0
end_of_record
TN:
SF:src/errors/cannot-list-hotels-error.ts
FN:3,cannotListHotelsError
FNF:1
FNH:1
FNDA:1,cannotListHotelsError
DA:3,11
DA:4,1
LF:2
LH:2
BRF:0
BRH:0
end_of_record
TN:
SF:src/errors/conflict-error.ts
FN:3,conflictError
FNF:1
FNH:0
FNDA:0,conflictError
DA:3,11
DA:4,0
LF:2
LH:1
BRF:0
BRH:0
end_of_record
TN:
SF:src/errors/forbidden-error.ts
FN:1,forbiddenError
FNF:1
FNH:0
FNDA:0,forbiddenError
DA:1,11
DA:2,0
LF:2
LH:1
BRF:0
BRH:0
end_of_record
TN:
SF:src/errors/index.ts
FNF:0
FNH:0
DA:1,11
DA:2,11
DA:3,11
DA:4,11
DA:5,11
DA:6,11
DA:7,11
DA:8,11
LF:8
LH:8
BRF:0
BRH:0
end_of_record
TN:
SF:src/errors/invalid-data-error.ts
FN:3,invalidDataError
FNF:1
FNH:1
FNDA:7,invalidDataError
DA:3,11
DA:4,7
LF:2
LH:2
BRF:0
BRH:0
end_of_record
TN:
SF:src/errors/invalid-email-error.ts
FN:3,invalidEmailError
FNF:1
FNH:0
FNDA:0,invalidEmailError
DA:3,11
DA:4,0
LF:2
LH:1
BRF:0
BRH:0
end_of_record
TN:
SF:src/errors/not-found-error.ts
FN:3,notFoundError
FNF:1
FNH:1
FNDA:8,notFoundError
DA:3,11
DA:4,8
LF:2
LH:2
BRF:0
BRH:0
end_of_record
TN:
SF:src/errors/request-error.ts
FN:3,requestError
FNF:1
FNH:1
FNDA:1,requestError
DA:3,11
DA:4,1
LF:2
LH:2
BRF:0
BRH:0
end_of_record
TN:
SF:src/errors/unauthorized-error.ts
FN:3,unauthorizedError
FNF:1
FNH:1
FNDA:36,unauthorizedError
DA:3,11
DA:4,36
LF:2
LH:2
BRF:0
BRH:0
end_of_record
TN:
SF:src/middlewares/authentication-middleware.ts
FN:8,authenticateToken
FN:33,generateUnauthorizedResponse
FNF:2
FNH:2
FNDA:59,authenticateToken
FNDA:36,generateUnauthorizedResponse
DA:2,11
DA:3,11
DA:5,11
DA:6,11
DA:8,11
DA:9,59
DA:10,59
DA:12,47
DA:13,47
DA:15,47
DA:16,47
DA:18,35
DA:23,35
DA:25,23
DA:27,23
DA:29,12
DA:34,36
LF:17
LH:17
BRDA:10,0,0,12
BRDA:13,1,0,0
BRDA:23,2,0,12
BRF:3
BRH:2
end_of_record
TN:
SF:src/middlewares/error-handling-middleware.ts
FN:5,handleApplicationErrors
FNF:1
FNH:0
FNDA:0,handleApplicationErrors
DA:3,11
DA:5,11
DA:6,0
DA:7,0
DA:12,0
DA:13,0
DA:18,0
DA:19,0
DA:24,0
DA:25,0
DA:30,0
DA:31,0
DA:37,0
DA:38,0
LF:14
LH:2
BRDA:6,0,0,0
BRDA:12,1,0,0
BRDA:12,2,0,0
BRDA:12,2,1,0
BRDA:18,3,0,0
BRDA:24,4,0,0
BRDA:30,5,0,0
BRF:7
BRH:0
end_of_record
TN:
SF:src/middlewares/index.ts
FNF:0
FNH:0
DA:1,11
DA:2,11
DA:3,11
LF:3
LH:3
BRF:0
BRH:0
end_of_record
TN:
SF:src/middlewares/validation-middleware.ts
FN:6,validateBody
FN:10,validateParams
FN:14,validate
FN:15,(anonymous_4)
FN:23,(anonymous_5)
FNF:5
FNH:4
FNDA:33,validateBody
FNDA:0,validateParams
FNDA:33,validate
FNDA:20,(anonymous_4)
FNDA:23,(anonymous_5)
DA:1,11
DA:3,11
DA:6,11
DA:7,33
DA:10,11
DA:11,0
DA:15,33
DA:16,20
DA:20,20
DA:21,13
DA:23,23
LF:11
LH:10
BRDA:20,0,0,13
BRDA:20,0,1,7
BRF:2
BRH:2
end_of_record
TN:
SF:src/repositories/address-repository/index.ts
FN:4,upsert
FNF:1
FNH:1
FNDA:1,upsert
DA:1,11
DA:5,1
DA:20,11
DA:24,11
LF:4
LH:4
BRF:0
BRH:0
end_of_record
TN:
SF:src/repositories/booking-repository/index.ts
FN:4,findBookings
FN:11,createBooking
FN:20,bookingProcessment
FN:29,findRooms
FNF:4
FNH:4
FNDA:1,findBookings
FNDA:1,createBooking
FNDA:1,bookingProcessment
FNDA:2,findRooms
DA:1,11
DA:5,1
DA:12,1
DA:21,1
DA:30,2
DA:42,11
DA:49,11
LF:7
LH:7
BRF:0
BRH:0
end_of_record
TN:
SF:src/repositories/enrollment-repository/index.ts
FN:4,findWithAddressByUserId
FN:13,findById
FN:19,upsert
FNF:3
FNH:3
FNDA:9,findWithAddressByUserId
FNDA:3,findById
FNDA:2,upsert
DA:1,11
DA:5,9
DA:14,3
DA:24,2
DA:36,11
DA:42,11
LF:6
LH:6
BRF:0
BRH:0
end_of_record
TN:
SF:src/repositories/event-repository/index.ts
FN:3,findFirst
FNF:1
FNH:1
FNDA:11,findFirst
DA:1,11
DA:4,11
DA:7,11
DA:11,11
LF:4
LH:4
BRF:0
BRH:0
end_of_record
TN:
SF:src/repositories/hotel-repository/index.ts
FN:3,findHotels
FN:7,findRoomsByHotelId
FN:18,findRoomById
FNF:3
FNH:1
FNDA:0,findHotels
FNDA:3,findRoomsByHotelId
FNDA:0,findRoomById
DA:1,11
DA:4,0
DA:8,3
DA:19,0
DA:23,11
DA:29,11
LF:6
LH:4
BRF:0
BRH:0
end_of_record
TN:
SF:src/repositories/payment-repository/index.ts
FN:4,findPaymentByTicketId
FN:12,createPayment
FNF:2
FNH:1
FNDA:0,findPaymentByTicketId
FNDA:2,createPayment
DA:1,11
DA:5,0
DA:13,2
DA:23,11
DA:28,11
LF:5
LH:4
BRF:0
BRH:0
end_of_record
TN:
SF:src/repositories/session-repository/index.ts
FN:4,create
FNF:1
FNH:1
FNDA:5,create
DA:1,11
DA:5,5
DA:10,11
DA:14,11
LF:4
LH:4
BRF:0
BRH:0
end_of_record
TN:
SF:src/repositories/ticket-repository/index.ts
FN:4,findTicketTypes
FN:8,findTickeyById
FN:18,findTickeWithTypeById
FN:29,findTicketByEnrollmentId
FN:40,createTicket
FN:48,ticketProcessPayment
FNF:6
FNH:6
FNDA:2,findTicketTypes
FNDA:3,findTickeyById
FNDA:3,findTickeWithTypeById
FNDA:6,findTicketByEnrollmentId
FNDA:2,createTicket
FNDA:2,ticketProcessPayment
DA:1,11
DA:2,11
DA:5,2
DA:9,3
DA:19,3
DA:30,6
DA:41,2
DA:49,2
DA:61,11
DA:70,11
LF:10
LH:10
BRF:0
BRH:0
end_of_record
TN:
SF:src/repositories/user-repository/index.ts
FN:4,findByEmail
FN:18,create
FNF:2
FNH:2
FNDA:11,findByEmail
FNDA:1,create
DA:1,11
DA:5,11
DA:11,11
DA:12,9
DA:15,11
DA:19,1
DA:24,11
DA:29,11
LF:8
LH:8
BRDA:11,0,0,9
BRF:1
BRH:1
end_of_record
TN:
SF:src/routers/authentication-router.ts
FNF:0
FNH:0
DA:1,11
DA:2,11
DA:3,11
DA:4,11
DA:6,11
DA:8,11
DA:10,11
LF:7
LH:7
BRF:0
BRH:0
end_of_record
TN:
SF:src/routers/bookings-router.ts
FNF:0
FNH:0
DA:1,11
DA:2,11
DA:3,11
DA:5,11
DA:7,11
DA:12,11
LF:6
LH:6
BRF:0
BRH:0
end_of_record
TN:
SF:src/routers/enrollments-router.ts
FNF:0
FNH:0
DA:1,11
DA:2,11
DA:3,11
DA:4,11
DA:6,11
DA:8,11
DA:14,11
LF:7
LH:7
BRF:0
BRH:0
end_of_record
TN:
SF:src/routers/events-router.ts
FNF:0
FNH:0
DA:1,11
DA:2,11
DA:4,11
DA:6,11
DA:8,11
LF:5
LH:5
BRF:0
BRH:0
end_of_record
TN:
SF:src/routers/hotels-router.ts
FNF:0
FNH:0
DA:1,11
DA:2,11
DA:3,11
DA:5,11
DA:7,11
DA:12,11
LF:6
LH:6
BRF:0
BRH:0
end_of_record
TN:
SF:src/routers/index.ts
FNF:0
FNH:0
DA:1,11
DA:2,11
DA:3,11
DA:4,11
DA:5,11
DA:6,11
DA:7,11
DA:8,11
LF:8
LH:8
BRF:0
BRH:0
end_of_record
TN:
SF:src/routers/payments-router.ts
FNF:0
FNH:0
DA:1,11
DA:2,11
DA:3,11
DA:5,11
DA:7,11
DA:12,11
LF:6
LH:6
BRF:0
BRH:0
end_of_record
TN:
SF:src/routers/tickets-router.ts
FNF:0
FNH:0
DA:1,11
DA:2,11
DA:3,11
DA:5,11
DA:7,11
DA:13,11
LF:6
LH:6
BRF:0
BRH:0
end_of_record
TN:
SF:src/routers/users-router.ts
FNF:0
FNH:0
DA:1,11
DA:3,11
DA:4,11
DA:5,11
DA:7,11
DA:9,11
DA:11,11
LF:7
LH:7
BRF:0
BRH:0
end_of_record
TN:
SF:src/schemas/authentication-schemas.ts
FNF:0
FNH:0
DA:2,14
DA:4,14
LF:2
LH:2
BRF:0
BRH:0
end_of_record
TN:
SF:src/schemas/enrollments-schemas.ts
FN:23,(anonymous_1)
FN:30,joiCpfValidation
FN:40,JoiCepValidation
FN:50,joiMobilePhoneValidation
FNF:4
FNH:4
FNDA:378,(anonymous_1)
FNDA:29,joiCpfValidation
FNDA:19,JoiCepValidation
FNDA:23,joiMobilePhoneValidation
DA:2,14
DA:3,14
DA:5,14
DA:7,14
DA:9,14
DA:11,14
DA:23,378
DA:31,29
DA:33,29
DA:34,1
DA:37,28
DA:41,19
DA:43,19
DA:44,1
DA:47,18
DA:51,23
DA:53,23
DA:54,0
DA:57,23
LF:19
LH:18
BRDA:31,0,0,0
BRDA:33,1,0,1
BRDA:41,2,0,0
BRDA:43,3,0,1
BRDA:51,4,0,0
BRDA:53,5,0,0
BRF:6
BRH:2
end_of_record
TN:
SF:src/schemas/index.ts
FNF:0
FNH:0
DA:1,14
DA:2,14
DA:3,14
LF:3
LH:3
BRF:0
BRH:0
end_of_record
TN:
SF:src/schemas/users-schemas.ts
FNF:0
FNH:0
DA:2,14
DA:4,14
LF:2
LH:2
BRF:0
BRH:0
end_of_record
TN:
SF:src/services/authentication-service/errors.ts
FN:3,invalidCredentialsError
FNF:1
FNH:1
FNDA:6,invalidCredentialsError
DA:3,11
DA:4,6
LF:2
LH:2
BRF:0
BRH:0
end_of_record
TN:
SF:src/services/authentication-service/index.ts
FN:9,signIn
FN:24,getUserOrFail
FN:31,createSession
FN:41,validatePasswordOrFail
FNF:4
FNH:4
FNDA:9,signIn
FNDA:9,getUserOrFail
FNDA:5,createSession
FNDA:7,validatePasswordOrFail
DA:1,11
DA:2,11
DA:3,11
DA:5,11
DA:6,11
DA:7,11
DA:10,9
DA:12,9
DA:14,7
DA:16,5
DA:18,0
DA:25,9
DA:26,9
DA:28,7
DA:32,5
DA:33,5
DA:38,0
DA:42,7
DA:43,7
DA:55,11
DA:59,11
DA:60,11
LF:22
LH:20
BRDA:26,0,0,2
BRDA:43,1,0,2
BRF:2
BRH:2
end_of_record
TN:
SF:src/services/bookings-service/index.ts
FN:4,getBooking
FN:12,createBooking
FN:19,roomCheck
FN:25,updateBooking
FNF:4
FNH:4
FNDA:1,getBooking
FNDA:1,createBooking
FNDA:2,roomCheck
FNDA:1,updateBooking
DA:1,11
DA:2,11
DA:5,1
DA:7,1
DA:8,1
DA:13,1
DA:15,1
DA:16,1
DA:20,2
DA:22,2
DA:26,1
DA:27,1
DA:28,0
DA:30,11
DA:38,11
LF:15
LH:14
BRDA:7,0,0,1
BRF:1
BRH:1
end_of_record
TN:
SF:src/services/enrollments-service/index.ts
FN:9,getAddressFromCEP
FN:35,getOneWithAddressByUserId
FN:51,getFirstAddress
FN:59,createOrUpdateEnrollmentWithAddress
FN:75,getAddressForUpsert
FNF:5
FNH:3
FNDA:4,getAddressFromCEP
FNDA:0,getOneWithAddressByUserId
FNDA:0,getFirstAddress
FNDA:2,createOrUpdateEnrollmentWithAddress
FNDA:2,getAddressForUpsert
DA:2,11
DA:3,11
DA:4,11
DA:5,11
DA:6,11
DA:10,4
DA:12,4
DA:13,1
DA:22,3
DA:24,3
DA:32,3
DA:36,0
DA:38,0
DA:40,0
DA:41,0
DA:43,0
DA:52,0
DA:54,0
DA:60,2
DA:61,2
DA:65,2
DA:66,2
DA:67,0
DA:70,2
DA:72,1
DA:76,2
DA:86,11
DA:92,11
LF:28
LH:20
BRDA:12,0,0,1
BRDA:38,1,0,0
BRDA:45,2,0,0
BRDA:45,2,1,0
BRDA:52,3,0,0
BRDA:66,4,0,0
BRDA:78,5,0,2
BRDA:78,5,1,2
BRF:8
BRH:3
end_of_record
TN:
SF:src/services/events-service/index.ts
FN:7,getFirstEvent
FN:16,isCurrentEventActive
FNF:2
FNH:2
FNDA:2,getFirstEvent
FNDA:9,isCurrentEventActive
DA:1,11
DA:2,11
DA:3,11
DA:5,11
DA:8,2
DA:9,2
DA:11,0
DA:17,9
DA:18,9
DA:20,2
DA:21,2
DA:22,2
DA:24,2
DA:27,11
DA:32,11
LF:15
LH:14
BRDA:9,0,0,2
BRDA:18,1,0,7
BRDA:24,2,0,2
BRDA:24,2,1,2
BRF:4
BRH:4
end_of_record
TN:
SF:src/services/hotels-service/index.ts
FN:7,listHotels
FN:21,getHotels
FN:28,getHotelsWithRooms
FNF:3
FNH:3
FNDA:6,listHotels
FNDA:1,getHotels
FNDA:5,getHotelsWithRooms
DA:1,11
DA:2,11
DA:3,11
DA:4,11
DA:5,11
DA:9,6
DA:10,6
DA:11,2
DA:14,4
DA:16,4
DA:17,1
DA:22,1
DA:24,0
DA:25,0
DA:29,5
DA:30,3
DA:32,3
DA:33,1
DA:35,2
DA:38,11
DA:43,11
LF:21
LH:19
BRDA:10,0,0,2
BRDA:16,1,0,1
BRDA:16,2,0,4
BRDA:16,2,1,4
BRDA:16,2,2,4
BRDA:16,2,3,3
BRDA:32,3,0,1
BRF:7
BRH:7
end_of_record
TN:
SF:src/services/payments-service/index.ts
FN:6,verifyTicketAndEnrollment
FN:19,getPaymentByTicketId
FN:30,paymentProcess
FNF:3
FNH:2
FNDA:3,verifyTicketAndEnrollment
FNDA:0,getPaymentByTicketId
FNDA:3,paymentProcess
DA:1,11
DA:2,11
DA:3,11
DA:4,11
DA:7,3
DA:9,3
DA:10,0
DA:12,3
DA:14,3
DA:15,0
DA:20,0
DA:22,0
DA:24,0
DA:25,0
DA:27,0
DA:31,3
DA:33,3
DA:35,3
DA:42,2
DA:44,2
DA:46,2
DA:57,11
DA:62,11
LF:23
LH:16
BRDA:9,0,0,0
BRDA:14,1,0,0
BRDA:24,2,0,0
BRF:3
BRH:0
end_of_record
TN:
SF:src/services/tickets-service/index.ts
FN:6,getTicketTypes
FN:15,getTicketByUserId
FN:28,createTicket
FNF:3
FNH:2
FNDA:2,getTicketTypes
FNDA:0,getTicketByUserId
FNDA:3,createTicket
DA:1,11
DA:2,11
DA:3,11
DA:4,11
DA:7,2
DA:9,2
DA:10,0
DA:12,2
DA:16,0
DA:17,0
DA:18,0
DA:20,0
DA:21,0
DA:22,0
DA:25,0
DA:29,3
DA:30,3
DA:31,1
DA:34,2
DA:40,2
DA:42,2
DA:44,2
DA:47,11
DA:53,11
LF:24
LH:16
BRDA:9,0,0,0
BRDA:17,1,0,0
BRDA:21,2,0,0
BRDA:30,3,0,1
BRF:4
BRH:1
end_of_record
TN:
SF:src/services/users-service/errors.ts
FN:3,duplicatedEmailError
FNF:1
FNH:1
FNDA:2,duplicatedEmailError
DA:3,11
DA:4,2
LF:2
LH:2
BRF:0
BRH:0
end_of_record
TN:
SF:src/services/users-service/index.ts
FN:8,createUser
FN:20,validateUniqueEmailOrFail
FN:27,canEnrollOrFail
FNF:3
FNH:3
FNDA:9,createUser
FNDA:2,validateUniqueEmailOrFail
FNDA:9,canEnrollOrFail
DA:1,11
DA:2,11
DA:4,11
DA:5,11
DA:6,11
DA:8,11
DA:9,9
DA:11,2
DA:13,1
DA:14,1
DA:21,2
DA:22,2
DA:23,1
DA:28,9
DA:29,9
DA:30,7
DA:36,11
DA:40,11
DA:41,11
LF:19
LH:19
BRDA:22,0,0,1
BRDA:29,1,0,7
BRF:2
BRH:2
end_of_record
TN:
SF:src/utils/cep-service.ts
FN:4,getAddress
FNF:1
FNH:1
FNDA:4,getAddress
DA:2,11
DA:5,4
DA:6,4
DA:10,11
LF:4
LH:4
BRF:0
BRH:0
end_of_record
TN:
SF:src/utils/prisma-utils.ts
FN:1,exclude
FNF:1
FNH:1
FNDA:4,exclude
DA:1,11
DA:2,4
DA:3,4
DA:4,4
DA:6,4
LF:5
LH:5
BRF:0
BRH:0
end_of_record
TN:
SF:src/utils/request.ts
FN:4,get
FNF:1
FNH:1
FNDA:4,get
DA:1,11
DA:2,11
DA:5,4
DA:6,4
DA:7,3
DA:12,1
DA:14,1
DA:18,11
LF:8
LH:8
BRF:0
BRH:0
end_of_record
TN:
SF:tests/helpers.ts
FN:8,cleanDb
FN:22,generateValidToken
FNF:2
FNH:2
FNDA:73,cleanDb
FNDA:45,generateValidToken
DA:1,10
DA:4,10
DA:5,10
DA:6,10
DA:8,10
DA:9,73
DA:10,73
DA:11,73
DA:12,72
DA:13,71
DA:14,71
DA:15,71
DA:16,71
DA:17,64
DA:18,64
DA:19,64
DA:22,10
DA:23,45
DA:24,45
DA:26,45
DA:28,43
LF:21
LH:21
BRDA:23,0,0,45
BRDA:23,0,1,9
BRF:2
BRH:2
end_of_record
TN:
SF:tests/factories/booking-factory.ts
FN:3,createBooking
FNF:1
FNH:1
FNDA:2,createBooking
DA:1,10
DA:3,10
DA:4,2
LF:3
LH:3
BRF:0
BRH:0
end_of_record
TN:
SF:tests/factories/enrollments-factory.ts
FN:8,createEnrollmentWithAddress
FN:35,createhAddressWithCEP
FNF:2
FNH:2
FNDA:31,createEnrollmentWithAddress
FNDA:1,createhAddressWithCEP
DA:1,10
DA:2,10
DA:5,10
DA:6,10
DA:8,10
DA:9,31
DA:11,31
DA:35,10
DA:36,1
LF:9
LH:9
BRDA:9,0,0,31
BRDA:9,0,1,0
BRF:2
BRH:1
end_of_record
TN:
SF:tests/factories/events-factory.ts
FN:6,createEvent
FNF:1
FNH:1
FNDA:4,createEvent
DA:1,10
DA:2,10
DA:4,10
DA:6,10
DA:7,4
LF:5
LH:5
BRDA:6,0,0,3
BRDA:9,1,0,4
BRDA:9,1,1,4
BRDA:10,2,0,4
BRDA:10,2,1,4
BRDA:11,3,0,4
BRDA:11,3,1,4
BRDA:12,4,0,4
BRDA:12,4,1,3
BRDA:13,5,0,4
BRDA:13,5,1,4
BRF:11
BRH:11
end_of_record
TN:
SF:tests/factories/hotels-factory.ts
FN:5,createHotel
FN:14,createRoomWithHotelId
FNF:2
FNH:2
FNDA:6,createHotel
FNDA:5,createRoomWithHotelId
DA:1,10
DA:2,10
DA:5,10
DA:6,6
DA:14,10
DA:15,5
LF:6
LH:6
BRF:0
BRH:0
end_of_record
TN:
SF:tests/factories/index.ts
FNF:0
FNH:0
DA:1,10
DA:2,10
DA:3,10
DA:4,10
DA:5,10
DA:6,10
DA:7,10
DA:8,10
LF:8
LH:8
BRF:0
BRH:0
end_of_record
TN:
SF:tests/factories/payments-factory.ts
FN:4,createPayment
FN:15,generateCreditCardData
FNF:2
FNH:2
FNDA:5,createPayment
FNDA:3,generateCreditCardData
DA:1,10
DA:2,10
DA:4,10
DA:5,5
DA:15,10
DA:16,3
DA:18,3
LF:7
LH:7
BRF:0
BRH:0
end_of_record
TN:
SF:tests/factories/sessions-factory.ts
FN:5,createSession
FNF:1
FNH:1
FNDA:45,createSession
DA:2,10
DA:3,10
DA:5,10
DA:6,45
DA:8,45
LF:5
LH:5
BRF:0
BRH:0
end_of_record
TN:
SF:tests/factories/tickets-factory.ts
FN:5,createTicketType
FN:16,createTicketTypeRemote
FN:27,createTicketTypeWithHotel
FN:38,createTicket
FNF:4
FNH:4
FNDA:8,createTicketType
FNDA:4,createTicketTypeRemote
FNDA:5,createTicketTypeWithHotel
FNDA:8,createTicket
DA:1,10
DA:2,10
DA:5,10
DA:6,8
DA:16,10
DA:17,4
DA:27,10
DA:28,5
DA:38,10
DA:39,8
LF:10
LH:10
BRF:0
BRH:0
end_of_record
TN:
SF:tests/factories/users-factory.ts
FN:6,createUser
FNF:1
FNH:1
FNDA:110,createUser
DA:1,10
DA:2,10
DA:4,10
DA:6,10
DA:7,110
DA:8,110
DA:10,110
LF:7
LH:7
BRDA:6,0,0,102
BRDA:7,1,0,110
BRDA:7,1,1,102
BRDA:12,2,0,110
BRDA:12,2,1,102
BRF:5
BRH:5
end_of_record
